Arguments: 
  C:\Program Files\nodejs\node.exe C:\Users\admin\AppData\Roaming\npm\node_modules\yarn\bin\yarn.js install

PATH: 
  C:\Users\admin\bin;C:\Program Files\Git\mingw64\bin;C:\Program Files\Git\usr\local\bin;C:\Program Files\Git\usr\bin;C:\Program Files\Git\usr\bin;C:\Program Files\Git\mingw64\bin;C:\Program Files\Git\usr\bin;C:\Users\admin\bin;C:\Program Files\Microsoft\jdk-11.0.12.7-hotspot\bin;C:\Program Files (x86)\VMware\VMware Player\bin;C:\Program Files (x86)\Common Files\Oracle\Java\javapath;C:\Windows\system32;C:\Windows;C:\Windows\System32\Wbem;C:\Windows\System32\WindowsPowerShell\v1.0;C:\Windows\System32\OpenSSH;C:\Program Files (x86)\Tencent\微信web开发者工具\dll;C:\Pro;ram Files\NVIDIA Corporation\NVIDIA NvDLISR;C:\WINDOWS\system32;C:\WINDOWS;C:\WINDOWS\System32\Wbem;C:\WINDOWS\System32\WindowsPowerShell\v1.0;C:\WINDOWS\System32\OpenSSH;C:\Program Files (x86)\NVIDIA Corporation\PhysX\Common;E:\tools\adb;C:\Program Files\Git\cmd;C:\Program Files\Common Files\Autodesk Shared;C:\Program Files\Microsoft SQL Server\120\Tools\Binn;C:\Program Files\TortoiseSVN\bin;C:\Users\admin\AppData\Roaming\npm;E:\ysy\app\ie-container\venv\Lib\site-packages;E:\maven\apache-maven-3.8.6\bin;C:\Program Files\dotnet;C:\Program Files\Go\bin;E:\迅雷下载\i686-8.1.0-release-posix-dwarf-rt_v6-rev0\mingw32\bin;C:\Users\admin\AppData\Roaming\nvm;C:\Program Files\nodejs;C:\Users\admin\AppData\Local\Programs\Python\Python39\Scripts;C:\Users\admin\AppData\Local\Programs\Python\Python39;C:\Users\admin\AppData\Local\Microsoft\WindowsApps;C:\Users\admin\AppData\Local\Programs\Microsoft VS Code\bin;C:\Program Files\JetBrains\IntelliJ IDEA 2022.1\bin;E:\tools\flutter_windows_3.0.1-stable\flutter\bin;C:\Users\admin\AppData\Local\Android\Sdk\platform-tools;C:\Users\admin\AppData\Local\Android\Sdk\tools;C:\Program Files\JetBrains\PyCharm Community Edition 2022.2.1\bin;C:\Users\admin\.dotnet\tools;E:\flutter\bin;C:\Program Files (x86)\Tencent\QQGameTempest\Hall.57915;C:\Users\admin\AppData\Roaming\nvm;C:\Program Files\nodejs;C:\Program Files\Git\usr\bin\vendor_perl;C:\Program Files\Git\usr\bin\core_perl

Yarn version: 
  1.22.19

Node version: 
  18.16.0

Platform: 
  win32 x64

Trace: 
  Error: https://registry.npmjs.org/@lgh-vue%2fsvg: Not found
      at params.callback [as _callback] (C:\Users\admin\AppData\Roaming\npm\node_modules\yarn\lib\cli.js:66145:18)
      at self.callback (C:\Users\admin\AppData\Roaming\npm\node_modules\yarn\lib\cli.js:140890:22)
      at Request.emit (node:events:513:28)
      at Request.<anonymous> (C:\Users\admin\AppData\Roaming\npm\node_modules\yarn\lib\cli.js:141862:10)
      at Request.emit (node:events:513:28)
      at IncomingMessage.<anonymous> (C:\Users\admin\AppData\Roaming\npm\node_modules\yarn\lib\cli.js:141784:12)
      at Object.onceWrapper (node:events:627:28)
      at IncomingMessage.emit (node:events:525:35)
      at endReadableNT (node:internal/streams/readable:1359:12)
      at process.processTicksAndRejections (node:internal/process/task_queues:82:21)

npm manifest: 
  {
    "name": "@element-plus/icons-vue",
    "version": "2.1.0",
    "description": "Vue components of Element Plus Icons collection.",
    "type": "module",
    "keywords": [
      "icon",
      "svg",
      "vue",
      "element-plus"
    ],
    "license": "MIT",
    "homepage": "https://element-plus.org/",
    "bugs": {
      "url": "https://github.com/element-plus/element-plus-icons/issues"
    },
    "repository": {
      "type": "git",
      "url": "git+https://github.com/element-plus/element-plus-icons.git",
      "directory": "packages/vue"
    },
    "files": [
      "dist"
    ],
    "main": "./dist/index.cjs",
    "module": "./dist/index.js",
    "types": "./dist/types/index.d.ts",
    "exports": {
      ".": {
        "types": "./dist/types/index.d.ts",
        "require": "./dist/index.cjs",
        "import": "./dist/index.js"
      },
      "./global": {
        "types": "./dist/types/global.d.ts",
        "require": "./dist/global.cjs",
        "import": "./dist/global.js"
      },
      "./*": "./*"
    },
    "typesVersions": {
      "*": {
        "*": [
          "./*",
          "./dist/types/*"
        ]
      }
    },
    "unpkg": "dist/index.iife.min.js",
    "jsdelivr": "dist/index.iife.min.js",
    "sideEffects": false,
    "scripts": {
      "build": "pnpm run build:generate && run-p build:build build:types",
      "build:generate": "tsx build/generate.ts",
      "build:build": "tsx build/build.ts",
      "build:types": "vue-tsc --declaration --emitDeclarationOnly"
    },
    "peerDependencies": {
      "vue": "^3.2.0"
    },
    "devDependencies": {
      "@lgh-vue/svg": "workspace:*",
      "@pnpm/find-workspace-dir": "^5.0.1",
      "@pnpm/find-workspace-packages": "^5.0.37",
      "@pnpm/logger": "^5.0.0",
      "@types/fs-extra": "^11.0.1",
      "@types/node": "^18.14.6",
      "@types/prettier": "^2.7.2",
      "camelcase": "^7.0.1",
      "chalk": "^5.2.0",
      "consola": "^2.15.3",
      "esbuild": "^0.17.11",
      "esbuild-plugin-globals": "^0.1.1",
      "fast-glob": "^3.2.12",
      "fs-extra": "^11.1.0",
      "npm-run-all": "^4.1.5",
      "prettier": "^2.8.4",
      "tsx": "^3.12.3",
      "typescript": "^4.9.5",
      "unplugin-vue": "^4.0.2",
      "vue": "^3.2.47",
      "vue-tsc": "^1.2.0"
    },
    "dependencies": {
      "pnpm": "^8.4.0"
    }
  }

yarn manifest: 
  No manifest

Lockfile: 
  No lockfile
